<?xml version="1.0" encoding="UTF-8"?>
<testng-results skipped="0" failed="0" ignored="0" total="1" passed="1">
  <reporter-output>
  </reporter-output>
  <suite name="Default suite" duration-ms="47962" started-at="2021-04-08T18:41:05 IST" finished-at="2021-04-08T18:41:53 IST">
    <groups>
    </groups>
    <test name="Default test" duration-ms="47962" started-at="2021-04-08T18:41:05 IST" finished-at="2021-04-08T18:41:53 IST">
      <class name="com.ErgodeITTestRunner.AddToCart">
        <test-method status="PASS" signature="ClickonAddToCart()[pri:0, instance:com.ErgodeITTestRunner.AddToCart@cb0ed20]" name="ClickonAddToCart" duration-ms="47919" started-at="2021-04-08T18:41:05 IST" finished-at="2021-04-08T18:41:53 IST">
          <reporter-output>
          </reporter-output>
        </test-method> <!-- ClickonAddToCart -->
      </class> <!-- com.ErgodeITTestRunner.AddToCart -->
    </test> <!-- Default test -->
  </suite> <!-- Default suite -->
</testng-results>
